<?xml version="1.0" encoding="utf-8"?><testsuites name="pytest tests"><testsuite name="pytest" errors="0" failures="0" skipped="0" tests="9" time="23.627" timestamp="2026-09-02T02:12:46.411739+00:00" hostname="agent-env-67a2d2e7-8956-4d1c-b34a-bf2a3a6fc598"><testcase classname="tests.backend_test.TestDuel" name="test_duel_flow_three_players" time="10.619" /><testcase classname="tests.backend_test.TestRestLifecycle" name="test_root" time="0.377" /><testcase classname="tests.backend_test.TestRestLifecycle" name="test_create_join_get_and_persist" time="1.098" /><testcase classname="tests.backend_test.TestRestLifecycle" name="test_unknown_room_404" time="0.299" /><testcase classname="tests.backend_test.TestRestLifecycle" name="test_join_validation" time="0.354" /><testcase classname="tests.backend_test.TestDisconnectDoesNotFreeze" name="test_current_player_disconnect_advances_turn" time="6.199" /><testcase classname="tests.backend_test.TestDisconnectDoesNotFreeze" name="test_disconnect_midturn_and_new_player_join" time="8.419" /><testcase classname="tests.backend_test.TestDuel" name="test_no_duel_with_two_players" time="5.839" /><testcase classname="tests.backend_test.TestDuel" name="test_challenger_can_force_resolve_duel" time="6.567" /></testsuite></testsuites>